<?xml version="1.0" encoding="UTF-8"?>
<testsuite xmlns:xsi="http://www.w3.org/2001/XMLSchema-instance" xsi:noNamespaceSchemaLocation="https://maven.apache.org/surefire/maven-surefire-plugin/xsd/surefire-test-report.xsd" name="it.tss.blogapp.entity.UserTest" time="0.379" tests="2" errors="0" skipped="0" failures="0">
  <properties>
[...]
</properties>
  <testcase name="testNotValid" classname="it.tss.blogapp.entity.UserTest" time="0.348"/>
  <testcase name="testValid" classname="it.tss.blogapp.entity.UserTest" time="0.025"/>
</testsuite>